2024-09-20 08:45:58,126:WARNING:
'cuml' is a soft dependency and not included in the pycaret installation. Please run: `pip install cuml` to install.
2024-09-20 08:45:58,126:WARNING:
'cuml' is a soft dependency and not included in the pycaret installation. Please run: `pip install cuml` to install.
2024-09-20 08:45:58,126:WARNING:
'cuml' is a soft dependency and not included in the pycaret installation. Please run: `pip install cuml` to install.
2024-09-20 08:45:58,126:WARNING:
'cuml' is a soft dependency and not included in the pycaret installation. Please run: `pip install cuml` to install.
2024-09-20 08:46:21,847:INFO:Initializing predict_model()
2024-09-20 08:46:21,847:INFO:predict_model(self=<pycaret.regression.oop.RegressionExperiment object at 0x0000029C4978F2E0>, estimator=Pipeline(memory=Memory(location=None),
         steps=[('numerical_imputer',
                 TransformerWrapper(include=['Avg. Session Length',
                                             'Time on App', 'Time on Website',
                                             'Length of Membership'],
                                    transformer=SimpleImputer())),
                ('categorical_imputer',
                 TransformerWrapper(include=['dominio', 'Tec'],
                                    transformer=SimpleImputer(strategy='most_frequent'))),
                ('onehot_encoding',
                 TransformerWrapper(include=['dominio', 'Tec'],
                                    transformer=OneHotEncoder(cols=['dominio',
                                                                    'Tec'],
                                                              handle_missing='return_nan',
                                                              use_cat_names=True))),
                ('clean_column_names',
                 TransformerWrapper(transformer=CleanColumnNames())),
                ('actual_estimator', Ridge(random_state=123))]), probability_threshold=None, encoded_labels=False, raw_score=False, round=4, verbose=True, ml_usecase=None, preprocess=True, encode_labels=<function _SupervisedExperiment.predict_model.<locals>.encode_labels at 0x0000029C49790DC0>)
2024-09-20 08:46:21,848:INFO:Checking exceptions
2024-09-20 08:46:21,848:INFO:Preloading libraries
2024-09-20 08:46:21,851:INFO:Set up data.
2024-09-20 08:46:21,861:INFO:Set up index.
2024-09-20 09:48:35,601:WARNING:
'cuml' is a soft dependency and not included in the pycaret installation. Please run: `pip install cuml` to install.
2024-09-20 09:48:35,601:WARNING:
'cuml' is a soft dependency and not included in the pycaret installation. Please run: `pip install cuml` to install.
2024-09-20 09:48:35,601:WARNING:
'cuml' is a soft dependency and not included in the pycaret installation. Please run: `pip install cuml` to install.
2024-09-20 09:48:35,601:WARNING:
'cuml' is a soft dependency and not included in the pycaret installation. Please run: `pip install cuml` to install.
2024-09-20 09:48:49,192:INFO:Initializing predict_model()
2024-09-20 09:48:49,192:INFO:predict_model(self=<pycaret.regression.oop.RegressionExperiment object at 0x000001B656B232E0>, estimator=Pipeline(memory=Memory(location=None),
         steps=[('numerical_imputer',
                 TransformerWrapper(include=['Avg. Session Length',
                                             'Time on App', 'Time on Website',
                                             'Length of Membership'],
                                    transformer=SimpleImputer())),
                ('categorical_imputer',
                 TransformerWrapper(include=['dominio', 'Tec'],
                                    transformer=SimpleImputer(strategy='most_frequent'))),
                ('onehot_encoding',
                 TransformerWrapper(include=['dominio', 'Tec'],
                                    transformer=OneHotEncoder(cols=['dominio',
                                                                    'Tec'],
                                                              handle_missing='return_nan',
                                                              use_cat_names=True))),
                ('clean_column_names',
                 TransformerWrapper(transformer=CleanColumnNames())),
                ('actual_estimator', Ridge(random_state=123))]), probability_threshold=None, encoded_labels=False, raw_score=False, round=4, verbose=True, ml_usecase=None, preprocess=True, encode_labels=<function _SupervisedExperiment.predict_model.<locals>.encode_labels at 0x000001B656B14DC0>)
2024-09-20 09:48:49,192:INFO:Checking exceptions
2024-09-20 09:48:49,192:INFO:Preloading libraries
2024-09-20 09:48:49,192:INFO:Set up data.
2024-09-20 09:48:49,192:INFO:Set up index.
2024-09-20 17:18:53,252:WARNING:
'cuml' is a soft dependency and not included in the pycaret installation. Please run: `pip install cuml` to install.
2024-09-20 17:18:53,252:WARNING:
'cuml' is a soft dependency and not included in the pycaret installation. Please run: `pip install cuml` to install.
2024-09-20 17:18:53,252:WARNING:
'cuml' is a soft dependency and not included in the pycaret installation. Please run: `pip install cuml` to install.
2024-09-20 17:18:53,252:WARNING:
'cuml' is a soft dependency and not included in the pycaret installation. Please run: `pip install cuml` to install.
2024-09-20 17:19:08,184:INFO:Initializing predict_model()
2024-09-20 17:19:08,188:INFO:predict_model(self=<pycaret.regression.oop.RegressionExperiment object at 0x00000218CE0032E0>, estimator=Pipeline(memory=Memory(location=None),
         steps=[('numerical_imputer',
                 TransformerWrapper(include=['Avg. Session Length',
                                             'Time on App', 'Time on Website',
                                             'Length of Membership'],
                                    transformer=SimpleImputer())),
                ('categorical_imputer',
                 TransformerWrapper(include=['dominio', 'Tec'],
                                    transformer=SimpleImputer(strategy='most_frequent'))),
                ('onehot_encoding',
                 TransformerWrapper(include=['dominio', 'Tec'],
                                    transformer=OneHotEncoder(cols=['dominio',
                                                                    'Tec'],
                                                              handle_missing='return_nan',
                                                              use_cat_names=True))),
                ('clean_column_names',
                 TransformerWrapper(transformer=CleanColumnNames())),
                ('actual_estimator', Ridge(random_state=123))]), probability_threshold=None, encoded_labels=False, raw_score=False, round=4, verbose=True, ml_usecase=None, preprocess=True, encode_labels=<function _SupervisedExperiment.predict_model.<locals>.encode_labels at 0x00000218CDFF4DC0>)
2024-09-20 17:19:08,188:INFO:Checking exceptions
2024-09-20 17:19:08,188:INFO:Preloading libraries
2024-09-20 17:19:08,188:INFO:Set up data.
2024-09-20 17:19:08,198:INFO:Set up index.
